user1:J:10011:7CA65F36030673DDAAD3B435B51404EE:E3EA28F20242275E2B67BC042776D9B7
user2:S:10012:93E28745B8BF4BA6AAD3B435B51404EE:A2BC7FF665D2DD44F08DEFE1D2007EE9
user3:C:10013:F9393D97E7A1873CAAD3B435B51404EE:6E66A0AEA87D174A435DEE9106A0A052
user4:U:10014:613E9293942509F0AAD3B435B51404EE:E13A473448119D45B179E43C957AFD48
user6:P:10016:8B0EA5A7DF135B03AAD3B435B51404EE:2468C466F4666005A06B2792513D98E8
user7:A:10017:7584248B8D2C9F9EAAD3B435B51404EE:C5DD1C2BC8719C01B25B4EB2692C9FEE
user8:S:10018:93E28745B8BF4BA6AAD3B435B51404EE:C3F541BAF5C46E5169E95691975D12BC
user9:S:10019:93E28745B8BF4BA6AAD3B435B51404EE:C3F541BAF5C46E5169E95691975D12BC
user10:_:10020:12CF283A437F8859AAD3B435B51404EE:6C259F1003FAAD896EAD94418585C9E1
user11:M:10021:1486235A2333E4D2AAD3B435B51404EE:7E864D8195B263B4D6AEE4E041C0193F
user12:3:10022:1AA818381E4E281BAAD3B435B51404EE:5F18A8499CDD4F43D89424AD39CE9AF7
user13:_:10023:12CF283A437F8859AAD3B435B51404EE:6C259F1003FAAD896EAD94418585C9E1
user14:T:10024:417EAF50CFAC29C3AAD3B435B51404EE:6237795E56D95C5BC0B6F7405B31EDF9
user15:H:10025:5ACDCD7C247FA83AAAD3B435B51404EE:0A9195A4BF04D808D098CF44A165186E
user16:3:10026:1AA818381E4E281BAAD3B435B51404EE:5F18A8499CDD4F43D89424AD39CE9AF7
user17:_:10027:12CF283A437F8859AAD3B435B51404EE:6C259F1003FAAD896EAD94418585C9E1
user18:H:10028:5ACDCD7C247FA83AAAD3B435B51404EE:0A9195A4BF04D808D098CF44A165186E
user19:4:10029:FF17365FAF1FFE89AAD3B435B51404EE:E30F7B55215AA69B2920E3715E0392A0
user20:S:10030:93E28745B8BF4BA6AAD3B435B51404EE:C3F541BAF5C46E5169E95691975D12BC
user21:H:10031:5ACDCD7C247FA83AAAD3B435B51404EE:0A9195A4BF04D808D098CF44A165186E